#
# There is insufficient memory for the Java Runtime Environment to continue.
# Native memory allocation (mmap) failed to map 260046848 bytes for Failed to commit area from 0x0000000709c00000 to 0x0000000719400000 of length 260046848.
# Possible reasons:
#   The system is out of physical RAM or swap space
#   The process is running with CompressedOops enabled, and the Java Heap may be blocking the growth of the native heap
# Possible solutions:
#   Reduce memory load on the system
#   Increase physical memory or swap space
#   Check if swap backing store is full
#   Decrease Java heap size (-Xmx/-Xms)
#   Decrease number of Java threads
#   Decrease Java thread stack sizes (-Xss)
#   Set larger code cache with -XX:ReservedCodeCacheSize=
# This output file may be truncated or incomplete.
#
#  Out of Memory Error (src/hotspot/os/windows/os_windows.cpp:3627), pid=12704, tid=35064
#
# JRE version:  (11.0.15+10) (build )
# Java VM: OpenJDK 64-Bit Server VM (11.0.15+10-b2043.56, mixed mode, sharing, tiered, compressed oops, g1 gc, windows-amd64)
# No core dump will be written. Minidumps are not enabled by default on client versions of Windows
#

---------------  S U M M A R Y ------------

Command Line: git4idea.http.GitAskPassApp Username for 'https://gitee.com': 

Host: AMD Ryzen 7 5700U with Radeon Graphics         , 16 cores, 15G,  Windows 11 , 64 bit Build 22621 (10.0.22621.3235)
Time: Tue Apr  9 02:37:27 2024  Windows 11 , 64 bit Build 22621 (10.0.22621.3235) elapsed time: 0.017933 seconds (0d 0h 0m 0s)

---------------  T H R E A D  ---------------

Current thread (0x0000012e17655800):  JavaThread "Unknown thread" [_thread_in_vm, id=35064, stack(0x0000000436100000,0x0000000436200000)]

Stack: [0x0000000436100000,0x0000000436200000]
Native frames: (J=compiled Java code, j=interpreted, Vv=VM code, C=native code)
V  [jvm.dll+0x61612a]
V  [jvm.dll+0x79c450]
V  [jvm.dll+0x79da6d]
V  [jvm.dll+0x79e143]
V  [jvm.dll+0x24cc18]
V  [jvm.dll+0x613174]
V  [jvm.dll+0x607e55]
V  [jvm.dll+0x30b1cb]
V  [jvm.dll+0x30b13a]
V  [jvm.dll+0x30b012]
V  [jvm.dll+0x30ff76]
V  [jvm.dll+0x35b4c3]
V  [jvm.dll+0x35bbc6]
V  [jvm.dll+0x35b5c3]
V  [jvm.dll+0x2e5918]
V  [jvm.dll+0x2e6ab7]
V  [jvm.dll+0x7794f7]
V  [jvm.dll+0x77acec]
V  [jvm.dll+0x368a59]
V  [jvm.dll+0x75ce8e]
V  [jvm.dll+0x3d6a33]
V  [jvm.dll+0x3d9001]
C  [jli.dll+0x536b]
C  [ucrtbase.dll+0x29363]
C  [KERNEL32.DLL+0x1257d]
C  [ntdll.dll+0x5aa58]


---------------  P R O C E S S  ---------------

Threads class SMR info:
_java_thread_list=0x0000012e175172e0, length=0, elements={
}

Java Threads: ( => current thread )

Other Threads:
  0x0000012e1766e000 GCTaskThread "GC Thread#0" [stack: 0x0000000436200000,0x0000000436300000] [id=27080]
  0x0000012e176cd800 ConcurrentGCThread "G1 Main Marker" [stack: 0x0000000436300000,0x0000000436400000] [id=15432]
  0x0000012e17670800 ConcurrentGCThread "G1 Conc#0" [stack: 0x0000000436400000,0x0000000436500000] [id=31360]

[error occurred during error reporting (printing all threads), id 0xc0000005, EXCEPTION_ACCESS_VIOLATION (0xc0000005) at pc=0x00007ffad1b86017]

VM state:not at safepoint (not fully initialized)

VM Mutex/Monitor currently owned by a thread:  ([mutex/lock_event])
[0x0000012e176528e0] Heap_lock - owner thread: 0x0000012e17655800

Heap address: 0x0000000709c00000, size: 3940 MB, Compressed Oops mode: Non-zero based: 0x0000000709c00000
Narrow klass base: 0x0000000000000000, Narrow klass shift: 0

GC Heap History (0 events):
No events

Deoptimization events (0 events):
No events

Classes redefined (0 events):
No events

Internal exceptions (0 events):
No events

Events (1 events):
Event: 0.008 Loaded shared library D:\Idea\IntelliJ IDEA 2022.1.3\jbr\bin\zip.dll


Dynamic libraries:
0x00007ff6f8950000 - 0x00007ff6f895a000 	D:\Idea\IntelliJ IDEA 2022.1.3\jbr\bin\java.exe
0x00007ffb0cf70000 - 0x00007ffb0d186000 	C:\WINDOWS\SYSTEM32\ntdll.dll
0x00007ffb0ba50000 - 0x00007ffb0bb14000 	C:\WINDOWS\System32\KERNEL32.DLL
0x00007ffb0a910000 - 0x00007ffb0acb6000 	C:\WINDOWS\System32\KERNELBASE.dll
0x00007ffb0a2b0000 - 0x00007ffb0a3c1000 	C:\WINDOWS\System32\ucrtbase.dll
0x00007ffaf9570000 - 0x00007ffaf9589000 	D:\Idea\IntelliJ IDEA 2022.1.3\jbr\bin\jli.dll
0x00007ffaf9130000 - 0x00007ffaf9146000 	D:\Idea\IntelliJ IDEA 2022.1.3\jbr\bin\VCRUNTIME140.dll
0x00007ffb0b6e0000 - 0x00007ffb0b88d000 	C:\WINDOWS\System32\USER32.dll
0x00007ffb0a5c0000 - 0x00007ffb0a5e6000 	C:\WINDOWS\System32\win32u.dll
0x00007ffafa3f0000 - 0x00007ffafa683000 	C:\WINDOWS\WinSxS\amd64_microsoft.windows.common-controls_6595b64144ccf1df_6.0.22621.3235_none_270f74e173860f98\COMCTL32.dll
0x00007ffb0c080000 - 0x00007ffb0c0a9000 	C:\WINDOWS\System32\GDI32.dll
0x00007ffb0bb20000 - 0x00007ffb0bbc7000 	C:\WINDOWS\System32\msvcrt.dll
0x00007ffb0a4a0000 - 0x00007ffb0a5b8000 	C:\WINDOWS\System32\gdi32full.dll
0x00007ffb0a3d0000 - 0x00007ffb0a46a000 	C:\WINDOWS\System32\msvcp_win.dll
0x00007ffb0bf30000 - 0x00007ffb0bf61000 	C:\WINDOWS\System32\IMM32.DLL
0x00007ffadb150000 - 0x00007ffadb1fa000 	D:\Idea\IntelliJ IDEA 2022.1.3\jbr\bin\msvcp140.dll
0x00007ffad1890000 - 0x00007ffad240b000 	D:\Idea\IntelliJ IDEA 2022.1.3\jbr\bin\server\jvm.dll
0x00007ffb0b890000 - 0x00007ffb0b942000 	C:\WINDOWS\System32\ADVAPI32.dll
0x00007ffb0b1b0000 - 0x00007ffb0b258000 	C:\WINDOWS\System32\sechost.dll
0x00007ffb0a470000 - 0x00007ffb0a498000 	C:\WINDOWS\System32\bcrypt.dll
0x00007ffb0acc0000 - 0x00007ffb0add5000 	C:\WINDOWS\System32\RPCRT4.dll
0x00007ffb0b260000 - 0x00007ffb0b268000 	C:\WINDOWS\System32\PSAPI.DLL
0x00007ffb01220000 - 0x00007ffb0122a000 	C:\WINDOWS\SYSTEM32\VERSION.dll
0x00007ffb06ba0000 - 0x00007ffb06ba9000 	C:\WINDOWS\SYSTEM32\WSOCK32.dll
0x00007ffb02ff0000 - 0x00007ffb03024000 	C:\WINDOWS\SYSTEM32\WINMM.dll
0x00007ffb0b130000 - 0x00007ffb0b1a1000 	C:\WINDOWS\System32\WS2_32.dll
0x00007ffb093e0000 - 0x00007ffb093f8000 	C:\WINDOWS\SYSTEM32\kernel.appcore.dll
0x00007ffafc770000 - 0x00007ffafc781000 	D:\Idea\IntelliJ IDEA 2022.1.3\jbr\bin\verify.dll
0x00007ffafd9b0000 - 0x00007ffafdbe3000 	C:\WINDOWS\SYSTEM32\DBGHELP.DLL
0x00007ffb0b320000 - 0x00007ffb0b6a8000 	C:\WINDOWS\System32\combase.dll
0x00007ffb0af40000 - 0x00007ffb0b017000 	C:\WINDOWS\System32\OLEAUT32.dll
0x00007ffaf38e0000 - 0x00007ffaf3912000 	C:\WINDOWS\SYSTEM32\dbgcore.DLL
0x00007ffb0a5f0000 - 0x00007ffb0a66a000 	C:\WINDOWS\System32\bcryptPrimitives.dll
0x00007ffafc670000 - 0x00007ffafc699000 	D:\Idea\IntelliJ IDEA 2022.1.3\jbr\bin\java.dll
0x00007ffb040d0000 - 0x00007ffb040db000 	D:\Idea\IntelliJ IDEA 2022.1.3\jbr\bin\jimage.dll
0x00007ffafc650000 - 0x00007ffafc669000 	D:\Idea\IntelliJ IDEA 2022.1.3\jbr\bin\zip.dll

dbghelp: loaded successfully - version: 4.0.5 - missing functions: none
symbol engine: initialized successfully - sym options: 0x614 - pdb path: .;D:\Idea\IntelliJ IDEA 2022.1.3\jbr\bin;C:\WINDOWS\SYSTEM32;C:\WINDOWS\WinSxS\amd64_microsoft.windows.common-controls_6595b64144ccf1df_6.0.22621.3235_none_270f74e173860f98;D:\Idea\IntelliJ IDEA 2022.1.3\jbr\bin\server

VM Arguments:
java_command: git4idea.http.GitAskPassApp Username for 'https://gitee.com': 
java_class_path (initial): D:/Idea/IntelliJ IDEA 2022.1.3/plugins/git4idea/lib/git4idea-rt.jar;D:/Idea/IntelliJ IDEA 2022.1.3/lib/externalProcess-rt.jar;D:/Idea/IntelliJ IDEA 2022.1.3/lib/app.jar;D:/Idea/IntelliJ IDEA 2022.1.3/lib/3rd-party-rt.jar
Launcher Type: SUN_STANDARD

[Global flags]
     intx CICompilerCount                          = 12                                        {product} {ergonomic}
     uint ConcGCThreads                            = 3                                         {product} {ergonomic}
     uint G1ConcRefinementThreads                  = 13                                        {product} {ergonomic}
   size_t G1HeapRegionSize                         = 1048576                                   {product} {ergonomic}
    uintx GCDrainStackTargetSize                   = 64                                        {product} {ergonomic}
   size_t InitialHeapSize                          = 260046848                                 {product} {ergonomic}
   size_t MarkStackSize                            = 4194304                                   {product} {ergonomic}
   size_t MaxHeapSize                              = 4131389440                                {product} {ergonomic}
   size_t MinHeapDeltaBytes                        = 1048576                                   {product} {ergonomic}
    uintx NonNMethodCodeHeapSize                   = 7594288                                {pd product} {ergonomic}
    uintx NonProfiledCodeHeapSize                  = 122031976                              {pd product} {ergonomic}
    uintx ProfiledCodeHeapSize                     = 122031976                              {pd product} {ergonomic}
    uintx ReservedCodeCacheSize                    = 251658240                              {pd product} {ergonomic}
     bool SegmentedCodeCache                       = true                                      {product} {ergonomic}
     bool UseCompressedClassPointers               = true                                 {lp64_product} {ergonomic}
     bool UseCompressedOops                        = true                                 {lp64_product} {ergonomic}
     bool UseG1GC                                  = true                                      {product} {ergonomic}
     bool UseLargePagesIndividualAllocation        = false                                  {pd product} {ergonomic}

Logging:
Log output configuration:
 #0: stdout all=warning uptime,level,tags
 #1: stderr all=off uptime,level,tags

Environment Variables:
JAVA_HOME=C:\Program Files\Java\jdk1.8.0_341
JRE_HOME=C:\Program Files\Java\jdk1.8.0_341\jre
PATH=D:\Program Files\Git\mingw64\libexec\git-core;D:\Program Files\Git\mingw64\libexec\git-core;D:\Program Files\Git\mingw64\bin;D:\Program Files\Git\usr\bin;C:\Users\池池\bin;D:\Program Files (x86)\VMware\VMware Workstation\bin;E:\Python311\Scripts;E:\Python311;C:\Program Files\Java\jdk1.8.0_341\bin;C:\Program Files\Common Files\Oracle\Java\javapath;C:\ProgramData\Oracle\Java\javapath;C:\WINDOWS\system32;C:\WINDOWS;C:\WINDOWS\System32\Wbem;C:\WINDOWS\System32\WindowsPowerShell\v1.0;C:\WINDOWS\System32\OpenSSH;D:\NetSarang\Xftp 7;C:\Program Files\Java\jdk1.8.0_341\bin;C:\Program Files\Java\jdk1.8.0_341\jre\bin;D:\Program Files\MySQL\MySQL Server 8.0\bin;D:\apache-tomcat-9.0.73-windows-x64\apache-tomcat-9.0.73\bin;D:\Maven\apache-maven-3.9.4\bin;E:\微信web开发者工具\dll;D:\nod;js;C:\strawberry\c\bin;C:\strawberry\perl\bin;D:\Program Files\Git\cmd;E:\anaconda3;E:\anaconda3\Library\mingw-w64\bin;E:\anaconda3\Library\usr\bin;E:\anaconda3\Library\bin;E:\anaconda3\Scripts;E:\Python\Python311;E:\Python\Python311\Scripts;C:\Users\池池\AppData\Local\Microsoft\WindowsApps;D:\Idea\IntelliJ IDEA 2022.1.3\bin;D:\Program Files\MySQL\MySQL Server 8.0\bin;E:\Python\Pycharm\PyCharm Community Edition 2023.2.1\bin;C:\Users\池池\AppData\Roaming\npm;D:\Program Files\VScode\Microsoft VS Code\bin
USERNAME=池池
DISPLAY=:0.0
LC_ALL=en_US.UTF-8
OS=Windows_NT
PROCESSOR_IDENTIFIER=AMD64 Family 23 Model 104 Stepping 1, AuthenticAMD



---------------  S Y S T E M  ---------------

OS: Windows 11 , 64 bit Build 22621 (10.0.22621.3235)
OS uptime: 7 days 7:44 hours

CPU:total 16 (initial active 16) (16 cores per cpu, 2 threads per core) family 23 model 104 stepping 1 microcode 0x0, cmov, cx8, fxsr, mmx, sse, sse2, sse3, ssse3, sse4.1, sse4.2, popcnt, avx, avx2, aes, clmul, mmxext, 3dnowpref, lzcnt, sse4a, ht, tsc, tscinvbit, tscinv, bmi1, bmi2, adx, sha, fma

Memory: 4k page, system-wide physical 15755M (420M free)
TotalPageFile size 37598M (AvailPageFile size 61M)
current process WorkingSet (physical memory assigned to process): 11M, peak: 11M
current process commit charge ("private bytes"): 71M, peak: 319M

vm_info: OpenJDK 64-Bit Server VM (11.0.15+10-b2043.56) for windows-amd64 JRE (11.0.15+10-b2043.56), built on May 16 2022 02:28:12 by "" with MS VC++ 14.0 (VS2015)

END.
